Error creating messages table: AggregateError [ECONNREFUSED]: 
    at C:\Users\mohsin\AI-BOOK-HACKATHON\textbook\my-textbook\server\node_modules\pg-pool\index.js:45:11
    at process.processTicksAndRejections (node:internal/process/task_queues:105:5)
    at async createTable (C:\Users\mohsin\AI-BOOK-HACKATHON\textbook\my-textbook\server\index.js:41:5) {
  code: 'ECONNREFUSED',
  [errors]: [
    Error: connect ECONNREFUSED ::1:5432
        at createConnectionError (node:net:1678:14)
        at afterConnectMultiple (node:net:1708:16) {
      errno: -4078,
      code: 'ECONNREFUSED',
      syscall: 'connect',
      address: '::1',
      port: 5432
    },
    Error: connect ECONNREFUSED 127.0.0.1:5432
        at createConnectionError (node:net:1678:14)
        at afterConnectMultiple (node:net:1708:16) {
      errno: -4078,
      code: 'ECONNREFUSED',
      syscall: 'connect',
      address: '127.0.0.1',
      port: 5432
    }
  ]
}
Error handling chat message: AggregateError [ECONNREFUSED]: 
    at C:\Users\mohsin\AI-BOOK-HACKATHON\textbook\my-textbook\server\node_modules\pg-pool\index.js:45:11
    at process.processTicksAndRejections (node:internal/process/task_queues:105:5)
    at async C:\Users\mohsin\AI-BOOK-HACKATHON\textbook\my-textbook\server\index.js:68:26 {
  code: 'ECONNREFUSED',
  [errors]: [
    Error: connect ECONNREFUSED ::1:5432
        at createConnectionError (node:net:1678:14)
        at afterConnectMultiple (node:net:1708:16) {
      errno: -4078,
      code: 'ECONNREFUSED',
      syscall: 'connect',
      address: '::1',
      port: 5432
    },
    Error: connect ECONNREFUSED 127.0.0.1:5432
        at createConnectionError (node:net:1678:14)
        at afterConnectMultiple (node:net:1708:16) {
      errno: -4078,
      code: 'ECONNREFUSED',
      syscall: 'connect',
      address: '127.0.0.1',
      port: 5432
    }
  ]
}
Error handling chat message: AggregateError [ECONNREFUSED]: 
    at C:\Users\mohsin\AI-BOOK-HACKATHON\textbook\my-textbook\server\node_modules\pg-pool\index.js:45:11
    at process.processTicksAndRejections (node:internal/process/task_queues:105:5)
    at async C:\Users\mohsin\AI-BOOK-HACKATHON\textbook\my-textbook\server\index.js:68:26 {
  code: 'ECONNREFUSED',
  [errors]: [
    Error: connect ECONNREFUSED ::1:5432
        at createConnectionError (node:net:1678:14)
        at afterConnectMultiple (node:net:1708:16) {
      errno: -4078,
      code: 'ECONNREFUSED',
      syscall: 'connect',
      address: '::1',
      port: 5432
    },
    Error: connect ECONNREFUSED 127.0.0.1:5432
        at createConnectionError (node:net:1678:14)
        at afterConnectMultiple (node:net:1708:16) {
      errno: -4078,
      code: 'ECONNREFUSED',
      syscall: 'connect',
      address: '127.0.0.1',
      port: 5432
    }
  ]
}
Error handling chat message: AggregateError [ECONNREFUSED]: 
    at C:\Users\mohsin\AI-BOOK-HACKATHON\textbook\my-textbook\server\node_modules\pg-pool\index.js:45:11
    at process.processTicksAndRejections (node:internal/process/task_queues:105:5)
    at async C:\Users\mohsin\AI-BOOK-HACKATHON\textbook\my-textbook\server\index.js:68:26 {
  code: 'ECONNREFUSED',
  [errors]: [
    Error: connect ECONNREFUSED ::1:5432
        at createConnectionError (node:net:1678:14)
        at afterConnectMultiple (node:net:1708:16) {
      errno: -4078,
      code: 'ECONNREFUSED',
      syscall: 'connect',
      address: '::1',
      port: 5432
    },
    Error: connect ECONNREFUSED 127.0.0.1:5432
        at createConnectionError (node:net:1678:14)
        at afterConnectMultiple (node:net:1708:16) {
      errno: -4078,
      code: 'ECONNREFUSED',
      syscall: 'connect',
      address: '127.0.0.1',
      port: 5432
    }
  ]
}
